<?xml version="1.0" encoding="UTF-8"?>
<!-- Generated by org.testng.reporters.JUnitReportReporter -->
<testsuite hostname="LAPTOP-UF9A8OM1" failures="0" tests="2" name="KhemlallAutomation.MavenJava.SeleniumTest" time="0.010" errors="0" timestamp="2022-06-02T19:05:50 EDT" skipped="0">
  <testcase classname="KhemlallAutomation.MavenJava.SeleniumTest" name="BrowserAutomation" time="0.005"/>
  <system-out/>
  <testcase classname="KhemlallAutomation.MavenJava.SeleniumTest" name="FindElement" time="0.005"/>
  <system-out/>
</testsuite> <!-- KhemlallAutomation.MavenJava.SeleniumTest -->
