<?xml version="1.0" encoding="UTF-8"?>
<!-- Generated by org.testng.reporters.JUnitReportReporter -->
<testsuite hostname="LAPTOP-UF9A8OM1" failures="0" tests="1" name="KhemlallAutomation.MavenJava.AppiumTest" time="0.015" errors="0" timestamp="2022-05-30T19:52:50 EDT" skipped="0">
  <testcase classname="KhemlallAutomation.MavenJava.AppiumTest" name="IosApp" time="0.015"/>
  <system-out/>
</testsuite> <!-- KhemlallAutomation.MavenJava.AppiumTest -->
