<?xml version="1.0" encoding="UTF-8"?>
<!-- Generated by org.testng.reporters.JUnitReportReporter -->
<testsuite hostname="LAPTOP-UF9A8OM1" failures="0" tests="2" name="KhemlallAutomation.MavenJava.RestApiTest" time="0.020" errors="0" timestamp="2022-06-02T19:05:50 EDT" skipped="0">
  <testcase classname="KhemlallAutomation.MavenJava.RestApiTest" name="DeleteTwitter" time="0.017"/>
  <system-out/>
  <testcase classname="KhemlallAutomation.MavenJava.RestApiTest" name="PostJira" time="0.003"/>
  <system-out/>
</testsuite> <!-- KhemlallAutomation.MavenJava.RestApiTest -->
