<?xml version="1.0" encoding="UTF-8"?>
<!-- Generated by org.testng.reporters.JUnitReportReporter -->
<testsuite hostname="LAPTOP-UF9A8OM1" failures="0" tests="1" name="KhemlallAutomation.MavenJava.AppiumLongPressTest" time="33.975" errors="0" timestamp="2022-06-08T17:35:03 EDT" skipped="0">
  <testcase classname="KhemlallAutomation.MavenJava.AppiumLongPressTest" name="longpressswipe" time="33.975"/>
  <system-out/>
</testsuite> <!-- KhemlallAutomation.MavenJava.AppiumLongPressTest -->
