<?xml version="1.0" encoding="UTF-8"?>
<!-- Generated by org.testng.reporters.JUnitReportReporter -->
<testsuite hostname="LAPTOP-UF9A8OM1" failures="0" tests="2" name="KhemlallAutomation.MavenJava.AppiumTest" time="0.001" errors="0" timestamp="2022-06-03T21:36:30 EDT" skipped="0">
  <testcase classname="KhemlallAutomation.MavenJava.AppiumTest" name="IosApp" time="0.000"/>
  <system-out/>
  <testcase classname="KhemlallAutomation.MavenJava.AppiumTest" name="NativeAppAndroid" time="0.001"/>
  <system-out/>
</testsuite> <!-- KhemlallAutomation.MavenJava.AppiumTest -->
