<?xml version="1.0" encoding="UTF-8"?>
<!-- Generated by org.testng.reporters.JUnitReportReporter -->
<testsuite hostname="LAPTOP-UF9A8OM1" failures="0" tests="2" name="KhemlallAutomation.MavenJava.SeleniumTest" time="0.003" errors="0" timestamp="2022-05-31T12:06:47 EDT" skipped="0">
  <testcase classname="KhemlallAutomation.MavenJava.SeleniumTest" name="FindElement" time="0.000"/>
  <system-out/>
  <testcase classname="KhemlallAutomation.MavenJava.SeleniumTest" name="BrowserAutomation" time="0.003"/>
  <system-out/>
</testsuite> <!-- KhemlallAutomation.MavenJava.SeleniumTest -->
