<?xml version="1.0" encoding="UTF-8"?>
<!-- Generated by org.testng.reporters.JUnitReportReporter -->
<testsuite hostname="LAPTOP-UF9A8OM1" failures="0" tests="2" name="KhemlallAutomation.MavenJava.SeleniumTest" time="0.016" errors="0" timestamp="2022-05-27T13:33:42 EDT" skipped="1">
  <testcase classname="KhemlallAutomation.MavenJava.SeleniumTest" name="FindElement" time="0.016"/>
  <system-out/>
  <testcase classname="KhemlallAutomation.MavenJava.SeleniumTest" name="BrowserAutomation">
    <skipped/>
  </testcase> <!-- BrowserAutomation -->
  <system-out/>
</testsuite> <!-- KhemlallAutomation.MavenJava.SeleniumTest -->
